(Loading C:\Strawberry\perl\site\lib\LaTeXML\Package\TeX.pool.ltxml...
(Loading C:\Strawberry\perl\site\lib\LaTeXML\Package\eTeX.pool.ltxml... 0.00 sec)
(Loading C:\Strawberry\perl\site\lib\LaTeXML\Package\pdfTeX.pool.ltxml... 0.01 sec) 0.14 sec)
latexmlc.bat (LaTeXML version 0.8.7; revision 8046a131)
invoked as [C:\Strawberry\perl\site\bin\latexmlc.bat AWPAL --dest=AWPAL.html --css=AWPAL.css]
processing started Mon Mar  4 15:54:08 2024
(Digesting TeX AWPAL...
(Processing content E:\Research\PalBook2204\AWPAL\manual\AWPAL.tex...
(Loading C:\Strawberry\perl\site\lib\LaTeXML\Package\LaTeX.pool.ltxml...
(Loading C:\Strawberry\perl\site\lib\LaTeXML\Package\textcomp.sty.ltxml...
(Processing definitions D:/texlive/2021/texmf-dist/tex/latex/base/ts1enc.dfu... 0.02 sec) 2.56 sec) 2.77 sec)
(Loading C:\Strawberry\perl\site\lib\LaTeXML\Package\article.cls.ltxml... 0.01 sec)
(Loading C:\Strawberry\perl\site\lib\LaTeXML\Package\hyperref.sty.ltxml...
(Loading C:\Strawberry\perl\site\lib\LaTeXML\Package\ltxcmds.sty.ltxml...
(Processing definitions D:/texlive/2021/texmf-dist/tex/generic/ltxcmds/ltxcmds.sty... 0.09 sec) 0.09 sec)
(Loading C:\Strawberry\perl\site\lib\LaTeXML\Package\keyval.sty.ltxml...
(Processing definitions D:/texlive/2021/texmf-dist/tex/latex/graphics/keyval.sty... 0.01 sec) 0.01 sec)
(Loading C:\Strawberry\perl\site\lib\LaTeXML\Package\kvsetkeys.sty.ltxml...
(Processing definitions D:/texlive/2021/texmf-dist/tex/generic/kvsetkeys/kvsetkeys.sty... 0.06 sec) 0.06 sec)
(Loading C:\Strawberry\perl\site\lib\LaTeXML\Package\kvdefinekeys.sty.ltxml...
(Processing definitions D:/texlive/2021/texmf-dist/tex/generic/kvdefinekeys/kvdefinekeys.sty... 0.03 sec) 0.03 sec)
(Loading C:\Strawberry\perl\site\lib\LaTeXML\Package\kvoptions.sty.ltxml...
(Processing definitions D:/texlive/2021/texmf-dist/tex/latex/kvoptions/kvoptions.sty... 0.13 sec) 0.13 sec)
(Loading C:\Strawberry\perl\site\lib\LaTeXML\Package\nameref.sty.ltxml...
(Loading C:\Strawberry\perl\site\lib\LaTeXML\Package\refcount.sty.ltxml...
(Processing definitions D:/texlive/2021/texmf-dist/tex/latex/refcount/refcount.sty...
(Loading C:\Strawberry\perl\site\lib\LaTeXML\Package\infwarerr.sty.ltxml...
(Processing definitions D:/texlive/2021/texmf-dist/tex/generic/infwarerr/infwarerr.sty... 0.04 sec) 0.04 sec) 0.10 sec) 0.10 sec)
(Loading C:\Strawberry\perl\site\lib\LaTeXML\Package\gettitlestring.sty.ltxml...
(Processing definitions D:/texlive/2021/texmf-dist/tex/generic/gettitlestring/gettitlestring.sty... 1.11 sec) 1.12 sec) 1.23 sec)
(Loading C:\Strawberry\perl\site\lib\LaTeXML\Package\url.sty.ltxml... 0.00 sec)
(Loading C:\Strawberry\perl\site\lib\LaTeXML\Package\bitset.sty.ltxml...
(Processing definitions D:/texlive/2021/texmf-dist/tex/generic/bitset/bitset.sty...
(Loading C:\Strawberry\perl\site\lib\LaTeXML\Package\intcalc.sty.ltxml...
(Processing definitions D:/texlive/2021/texmf-dist/tex/generic/intcalc/intcalc.sty... 0.05 sec) 0.06 sec)
(Loading C:\Strawberry\perl\site\lib\LaTeXML\Package\bigintcalc.sty.ltxml...
(Processing definitions D:/texlive/2021/texmf-dist/tex/generic/bigintcalc/bigintcalc.sty...
(Loading C:\Strawberry\perl\site\lib\LaTeXML\Package\pdftexcmds.sty.ltxml...
(Loading C:\Strawberry\perl\site\lib\LaTeXML\Package\iftex.sty.ltxml... 0.00 sec) 0.01 sec) 0.18 sec) 0.18 sec) 0.41 sec) 0.42 sec) 2.06 sec)
(Loading C:\Strawberry\perl\site\lib\LaTeXML\Package\physics.sty.ltxml...
(Loading C:\Strawberry\perl\site\lib\LaTeXML\Package\amsmath.sty.ltxml...
(Loading C:\Strawberry\perl\site\lib\LaTeXML\Package\amsbsy.sty.ltxml...
(Loading C:\Strawberry\perl\site\lib\LaTeXML\Package\amsgen.sty.ltxml... 0.00 sec) 0.01 sec)
(Loading C:\Strawberry\perl\site\lib\LaTeXML\Package\amstext.sty.ltxml... 0.00 sec)
(Loading C:\Strawberry\perl\site\lib\LaTeXML\Package\amsopn.sty.ltxml... 0.01 sec) 0.06 sec) 0.09 sec)
(Loading C:\Strawberry\perl\site\lib\LaTeXML\Package\listings.sty.ltxml...
(Processing definitions D:/texlive/2021/texmf-dist/tex/latex/listings/listings.cfg... 0.01 sec) 0.09 sec)
(Loading C:\Strawberry\perl\site\lib\LaTeXML\Package\graphicx.sty.ltxml...
(Loading C:\Strawberry\perl\site\lib\LaTeXML\Package\graphics.sty.ltxml... 0.01 sec) 0.03 sec) 5.43 sec) 5.44 sec)
(Building...
(Loading compiled schema C:\Strawberry\perl\site\lib\LaTeXML\resources/RelaxNG\LaTeXML.model... 0.01 sec) 0.29 sec)
(Rewriting... 0.01 sec)
(Math Parsing 14 formulae ...... 0.21 sec)
Math parsing succeeded:
   ltx:XMath: 14/14
   ltx:XMArg: 39/39
Symbols assumed as simple identifiers (with # of occurences):
   'a{italic}' (4), 'beta' (1), 'c{italic}' (1), 'e' (1), 'i' (1), 'i{italic}' (1), 'k{italic}' (1), 'm' (4), 'm{italic}' (2), 'omega' (1), 'p{italic}' (3), 'rho' (7), 'r{italic}' (2), 'varphi' (2), 'v{italic}' (1), 'z{italic}' (7)
Set MATHPARSER_SPECULATE to speculate on possible notations.
(Finalizing... 0.03 sec)
Conversion complete: No obvious problems
(post-processing...
(Scan AWPAL.html processing...
Scan: DBStatus: 56/0 objects
 0.01 sec)
(MakeBibliography AWPAL.html processing...
MakeBibliography: using bibliographies bibtex]
MakeBibliography: 27 bibentries, 1 cited
Scan: DBStatus: 58/0 objects
 0.10 sec)
(CrossRef AWPAL.html processing... 0.02 sec)
(Graphics AWPAL.html 2 to process... 0.00 sec)
(MathML::Presentation AWPAL.html 14 to process...
converted 14 Maths
 0.04 sec)
(XSLT[using LaTeXML-html5.xsl] AWPAL.html processing... 0.01 sec)
(Writer AWPAL.html processing... 0.00 sec) 0.19 sec)
Post-processing complete: No obvious problems
processing finished Mon Mar  4 15:54:14 2024
Status:conversion:0
